[debug] [2023-05-28T23:11:03.912Z] ----------------------------------------------------------------------
[debug] [2023-05-28T23:11:03.915Z] Command:       C:\Program Files\nodejs\node.exe C:\Users\User\AppData\Roaming\npm\node_modules\firebase-tools\lib\bin\firebase.js init
[debug] [2023-05-28T23:11:03.915Z] CLI Version:   12.2.1
[debug] [2023-05-28T23:11:03.916Z] Platform:      win32
[debug] [2023-05-28T23:11:03.916Z] Node Version:  v16.13.1
[debug] [2023-05-28T23:11:03.917Z] Time:          Sun May 28 2023 16:11:03 GMT-0700 (Pacific Daylight Time)
[debug] [2023-05-28T23:11:03.917Z] ----------------------------------------------------------------------
[debug] 
[debug] [2023-05-28T23:11:03.922Z] >>> [apiv2][query] GET https://firebase-public.firebaseio.com/cli.json [none]
[debug] [2023-05-28T23:11:03.949Z] > command requires scopes: ["email","openid","https://www.googleapis.com/auth/cloudplatformprojects.readonly","https://www.googleapis.com/auth/firebase","https://www.googleapis.com/auth/cloud-platform"]
[debug] [2023-05-28T23:11:03.950Z] > authorizing via signed-in user (housexpresso@gmail.com)
[info] 
     ######## #### ########  ######## ########     ###     ######  ########
     ##        ##  ##     ## ##       ##     ##  ##   ##  ##       ##
     ######    ##  ########  ######   ########  #########  ######  ######
     ##        ##  ##    ##  ##       ##     ## ##     ##       ## ##
     ##       #### ##     ## ######## ########  ##     ##  ######  ########

You're about to initialize a Firebase project in this directory:

  E:\Code\next_projects\probation-units

[debug] [2023-05-28T23:11:04.145Z] <<< [apiv2][status] GET https://firebase-public.firebaseio.com/cli.json 200
[debug] [2023-05-28T23:11:04.146Z] <<< [apiv2][body] GET https://firebase-public.firebaseio.com/cli.json {"cloudBuildErrorAfter":1594252800000,"cloudBuildWarnAfter":1590019200000,"defaultNode10After":1594252800000,"minVersion":"3.0.5","node8DeploysDisabledAfter":1613390400000,"node8RuntimeDisabledAfter":1615809600000,"node8WarnAfter":1600128000000}
